Particle filter for domain: "xyrouter", problem: "xyrouter", single agent mode
Read 25 state records from old_out/p.states
*** at time 15: resampling (Neff=1518.87)
*** at time 22: resampling (Neff=1713.92)
*** at time 30: resampling (Neff=1756.49)
*** at time 41: resampling (Neff=1756.39)
*** at time 52: resampling (Neff=1890.43)
*** at time 68: resampling (Neff=1984.97)
*** Final log-likelihood: -162.679
    Finishing time:       75
Dead: 0, running: 10000, successful: 4744
*** Best successful particle: 5, weight: 0.000201325
Particle [131] history:
0 TheAgent: * INITIALIZE
11 TheAgent: * (step 21 22)
12 TheAgent: * (step 22 32)
20 TheAgent: * (step 32 42)
24 TheAgent: * (step 42 52)
31 TheAgent: * (step 52 53)
38 TheAgent: * (step 53 54)
49 TheAgent: * (step 54 55)
75: (SUCCESS)
