Read 25 state records from old_out/p.states
Marginal filter for domain: "xyrouter", problem: "xyrouter", single agent mode
*** Final log-likelihood: -162.965
    Finishing time:       75
Start Smoothing at time 75
75:sum=1
74:sum=1
73:sum=1
72:sum=1
71:sum=1
70:sum=1
69:sum=1
68:sum=1
67:sum=1
66:sum=1
65:sum=1
64:sum=1
63:sum=1
62:sum=1
61:sum=1
60:sum=1
59:sum=1
58:sum=1
57:sum=1
56:sum=1
55:sum=1
54:sum=1
53:sum=1
52:sum=1
51:sum=1
50:sum=1
49:sum=1
48:sum=1
47:sum=1
46:sum=1
45:sum=1
44:sum=1
43:sum=1
42:sum=1
41:sum=1
40:sum=1
39:sum=1
38:sum=1
37:sum=1
36:sum=1
35:sum=1
34:sum=1
33:sum=1
32:sum=1
31:sum=1
30:sum=1
29:sum=1
28:sum=1
27:sum=1
26:sum=1
25:sum=1
24:sum=1
23:sum=1
22:sum=1
21:sum=1
20:sum=1
19:sum=1
18:sum=1
17:sum=1
16:sum=1
15:sum=1
14:sum=1
13:sum=1
12:sum=1
11:sum=1
10:sum=1
9:sum=1
8:sum=1
7:sum=1
6:sum=1
5:sum=1
4:sum=1
3:sum=1
2:sum=1
1:sum=1
0:sum=1
Running viterbi for time 1 2 3 4 5 6 7 8 9 10 11 12 13 14 15 16 17 18 19 20 21 22 23 24 25 26 27 28 29 30 31 32 33 34 35 36 37 38 39 40 41 42 43 44 45 46 47 48 49 50 51 52 53 54 55 56 57 58 59 60 61 62 63 64 65 66 67 68 69 70 71 72 73 74 75 
