Read 64386 state records from old_out/p.states
Marginal filter for domain: "abc", problem: "abc1", single agent mode
*** Final log-likelihood: -30.0373
    Finishing time:       26
Start Smoothing at time 26
26:sum=1
25:sum=1
24:sum=1
23:sum=1
22:sum=1
21:sum=1
20:sum=1
19:sum=1
18:sum=1
17:sum=1
16:sum=1
15:sum=1
14:sum=1
13:sum=1
12:sum=1
11:sum=1
10:sum=1
9:sum=1
8:sum=1
7:sum=1
6:sum=1
5:sum=1
4:sum=1
3:sum=1
2:sum=1
1:sum=1
0:sum=1
Running viterbi for time 1 2 3 4 5 6 7 8 9 10 11 12 13 14 15 16 17 18 19 20 21 22 23 24 25 26 
