Read 11 state records from old_out/p.states
Marginal filter for domain: "day", problem: "day", single agent mode
## specialOpCallback(0, -1)
bla
0.1bla
0.1bla
0.1bla
0.1bla
0.1
## pre_observe() (obs=0, activity=0)
## setActivity(0, 1)
## post_observe() (obs=0, activity=0)
## pre_observe() (obs=0, activity=0)
## setActivity(0, 2)
## post_observe() (obs=0, activity=1)
## pre_observe() (obs=0, activity=1)
## setActivity(0, 3)
## post_observe() (obs=0, activity=2)
## setActivity(0, 1)
## setActivity(0, 2)
## setActivity(0, 3)
bla
0.1bla
0.1bla
0.1bla
0.1bla
0.1
## pre_observe() (obs=0, activity=2)
## setActivity(0, 2)
## post_observe() (obs=0, activity=1)
## pre_observe() (obs=0, activity=1)
## setActivity(0, 3)
## post_observe() (obs=0, activity=2)
## pre_observe() (obs=0, activity=2)
## setActivity(0, 1)
## post_observe() (obs=0, activity=0)
## pre_observe() (obs=0, activity=0)
## setActivity(0, 3)
## post_observe() (obs=0, activity=2)
## pre_observe() (obs=0, activity=2)
## setActivity(0, 1)
## post_observe() (obs=0, activity=0)
## pre_observe() (obs=0, activity=0)
## setActivity(0, 2)
## post_observe() (obs=0, activity=1)
## setActivity(0, 2)
## setActivity(0, 3)
## setActivity(0, 1)
## setActivity(0, 3)
## setActivity(0, 1)
## setActivity(0, 2)
bla
0.2bla
0.2bla
0.2bla
0.2bla
0.2
## pre_observe() (obs=0, activity=1)
## setActivity(0, 3)
## post_observe() (obs=0, activity=2)
## pre_observe() (obs=0, activity=2)
## setActivity(0, 2)
## post_observe() (obs=0, activity=1)
## pre_observe() (obs=0, activity=1)
## setActivity(0, 1)
## post_observe() (obs=0, activity=0)
## pre_observe() (obs=0, activity=0)
## setActivity(0, 4)
## post_observe() (obs=0, activity=3)
## setActivity(0, 3)
## setActivity(0, 2)
## setActivity(0, 1)
## setActivity(0, 4)
bla
0.15bla
0.15bla
0.15bla
0.15bla
0.15
## pre_observe() (obs=0, activity=3)
## setActivity(0, 4)
## post_observe() (obs=0, activity=3)
## pre_observe() (obs=0, activity=3)
## setActivity(0, 1)
## post_observe() (obs=0, activity=0)
## setActivity(0, 4)
## setActivity(0, 1)
bla
0.1bla
0.1bla
0.1bla
0.1bla
0.1
## pre_observe() (obs=0, activity=0)
## setActivity(0, 5)
## post_observe() (obs=0, activity=4)
## setActivity(0, 5)
bla
*** Final log-likelihood: -10.4143
    Finishing time:       5
Start Smoothing at time 5
5:sum=1
4:## pre_observe() (obs=0, activity=4)
## setActivity(0, 5)
## post_observe() (obs=0, activity=4)
## pre_observe() (obs=0, activity=4)
## setActivity(0, 5)
## post_observe() (obs=0, activity=4)
sum=1
3:## pre_observe() (obs=0, activity=4)
## setActivity(0, 1)
## post_observe() (obs=0, activity=0)
## pre_observe() (obs=0, activity=0)
## setActivity(0, 4)
## post_observe() (obs=0, activity=3)
## pre_observe() (obs=0, activity=3)
## setActivity(0, 4)
## post_observe() (obs=0, activity=3)
## pre_observe() (obs=0, activity=3)
## setActivity(0, 4)
## post_observe() (obs=0, activity=3)
sum=0.666667
2:## pre_observe() (obs=0, activity=3)
## setActivity(0, 1)
## post_observe() (obs=0, activity=0)
## pre_observe() (obs=0, activity=0)
## setActivity(0, 4)
## post_observe() (obs=0, activity=3)
## pre_observe() (obs=0, activity=3)
## setActivity(0, 2)
## post_observe() (obs=0, activity=1)
## pre_observe() (obs=0, activity=1)
## setActivity(0, 1)
## post_observe() (obs=0, activity=0)
## pre_observe() (obs=0, activity=0)
## setActivity(0, 4)
## post_observe() (obs=0, activity=3)
## pre_observe() (obs=0, activity=3)
## setActivity(0, 3)
## post_observe() (obs=0, activity=2)
## pre_observe() (obs=0, activity=2)
## setActivity(0, 2)
## post_observe() (obs=0, activity=1)
## pre_observe() (obs=0, activity=1)
## setActivity(0, 3)
## post_observe() (obs=0, activity=2)
sum=0.5
1:## pre_observe() (obs=0, activity=2)
## setActivity(0, 1)
## post_observe() (obs=0, activity=0)
## pre_observe() (obs=0, activity=0)
## setActivity(0, 2)
## post_observe() (obs=0, activity=1)
## pre_observe() (obs=0, activity=1)
## setActivity(0, 1)
## post_observe() (obs=0, activity=0)
## pre_observe() (obs=0, activity=0)
## setActivity(0, 3)
## post_observe() (obs=0, activity=2)
## pre_observe() (obs=0, activity=2)
## setActivity(0, 2)
## post_observe() (obs=0, activity=1)
## pre_observe() (obs=0, activity=1)
## setActivity(0, 3)
## post_observe() (obs=0, activity=2)
sum=1
0:## pre_observe() (obs=0, activity=2)
## setActivity(0, 1)
## post_observe() (obs=0, activity=0)
## pre_observe() (obs=0, activity=0)
## setActivity(0, 2)
## post_observe() (obs=0, activity=1)
## pre_observe() (obs=0, activity=1)
## setActivity(0, 3)
## post_observe() (obs=0, activity=2)
sum=1
## specialOpCallback(0, -1)
## setActivity(0, 1)
## setActivity(0, 2)
## setActivity(0, 3)
## setActivity(0, 2)
## setActivity(0, 3)
## setActivity(0, 1)
## setActivity(0, 3)
## setActivity(0, 1)
## setActivity(0, 2)
## setActivity(0, 3)
## setActivity(0, 2)
## setActivity(0, 1)
## setActivity(0, 4)
## setActivity(0, 4)
## setActivity(0, 1)
## setActivity(0, 5)
Running viterbi for time 1 ## pre_observe() (obs=0, activity=4)
## setActivity(0, 1)
## post_observe() (obs=0, activity=0)
## pre_observe() (obs=0, activity=0)
## setActivity(0, 2)
## post_observe() (obs=0, activity=1)
## pre_observe() (obs=0, activity=1)
## setActivity(0, 3)
## post_observe() (obs=0, activity=2)
2 ## pre_observe() (obs=0, activity=2)
## setActivity(0, 1)
## post_observe() (obs=0, activity=0)
## pre_observe() (obs=0, activity=0)
## setActivity(0, 2)
## post_observe() (obs=0, activity=1)
## pre_observe() (obs=0, activity=1)
## setActivity(0, 1)
## post_observe() (obs=0, activity=0)
## pre_observe() (obs=0, activity=0)
## setActivity(0, 3)
## post_observe() (obs=0, activity=2)
## pre_observe() (obs=0, activity=2)
## setActivity(0, 2)
## post_observe() (obs=0, activity=1)
## pre_observe() (obs=0, activity=1)
## setActivity(0, 3)
## post_observe() (obs=0, activity=2)
3 ## pre_observe() (obs=0, activity=2)
## setActivity(0, 2)
## post_observe() (obs=0, activity=1)
## pre_observe() (obs=0, activity=1)
## setActivity(0, 3)
## post_observe() (obs=0, activity=2)
## pre_observe() (obs=0, activity=2)
## setActivity(0, 3)
## post_observe() (obs=0, activity=2)
## pre_observe() (obs=0, activity=2)
## setActivity(0, 1)
## post_observe() (obs=0, activity=0)
## pre_observe() (obs=0, activity=0)
## setActivity(0, 4)
## post_observe() (obs=0, activity=3)
## pre_observe() (obs=0, activity=3)
## setActivity(0, 1)
## post_observe() (obs=0, activity=0)
## pre_observe() (obs=0, activity=0)
## setActivity(0, 4)
## post_observe() (obs=0, activity=3)
## pre_observe() (obs=0, activity=3)
## setActivity(0, 2)
## post_observe() (obs=0, activity=1)
4 ## pre_observe() (obs=0, activity=1)
## setActivity(0, 1)
## post_observe() (obs=0, activity=0)
## pre_observe() (obs=0, activity=0)
## setActivity(0, 4)
## post_observe() (obs=0, activity=3)
## pre_observe() (obs=0, activity=3)
## setActivity(0, 4)
## post_observe() (obs=0, activity=3)
## pre_observe() (obs=0, activity=3)
## setActivity(0, 4)
## post_observe() (obs=0, activity=3)
5 ## pre_observe() (obs=0, activity=3)
## setActivity(0, 5)
## post_observe() (obs=0, activity=4)
## pre_observe() (obs=0, activity=4)
## setActivity(0, 5)
## post_observe() (obs=0, activity=4)

## specialOpCallback(0, -1)
## setActivity(0, 2)
## setActivity(0, 3)
## setActivity(0, 1)
## setActivity(0, 4)
## setActivity(0, 5)
